\BOOKMARK [1][-]{section.1}{\376\377\170\024\172\166\200\314\146\157\116\016\141\017\116\111}{}% 1
\BOOKMARK [1][-]{section.2}{\376\377\126\375\121\205\131\026\170\024\172\166\163\260\162\266\116\016\213\304\217\360}{}% 2
\BOOKMARK [2][-]{subsection.2.1}{\376\377\126\375\131\026\170\024\172\166\163\260\162\266}{section.2}% 3
\BOOKMARK [2][-]{subsection.2.2}{\376\377\126\375\121\205\170\024\172\166\163\260\162\266}{section.2}% 4
\BOOKMARK [2][-]{subsection.2.3}{\376\377\170\024\172\166\213\304\217\360}{section.2}% 5
\BOOKMARK [1][-]{section.3}{\376\377\170\024\172\166\166\356\150\007\060\001\170\024\172\166\225\356\230\230\116\016\170\024\172\166\140\035\215\357}{}% 6
\BOOKMARK [2][-]{subsection.3.1}{\376\377\170\024\172\166\166\356\150\007}{section.3}% 7
\BOOKMARK [2][-]{subsection.3.2}{\376\377\170\024\172\166\225\356\230\230}{section.3}% 8
\BOOKMARK [2][-]{subsection.3.3}{\376\377\170\024\172\166\140\035\215\357}{section.3}% 9
\BOOKMARK [1][-]{section.4}{\376\377\164\006\213\272\150\106\147\266\116\016\170\024\172\166\120\107\213\276}{}% 10
\BOOKMARK [2][-]{subsection.4.1}{\376\377\164\006\213\272\150\106\147\266}{section.4}% 11
\BOOKMARK [2][-]{subsection.4.2}{\376\377\170\024\172\166\120\107\213\276}{section.4}% 12
\BOOKMARK [1][-]{section.5}{\376\377\170\024\172\166\121\205\133\271\116\016\170\024\172\166\213\276\213\241}{}% 13
\BOOKMARK [2][-]{subsection.5.1}{\376\377\170\024\172\166\121\205\133\271}{section.5}% 14
\BOOKMARK [2][-]{subsection.5.2}{\376\377\145\077\173\126\176\304\124\010\213\276\213\241}{section.5}% 15
\BOOKMARK [1][-]{section.6}{\376\377\170\024\172\166\145\271\154\325\116\016\142\200\147\057\215\357\176\277}{}% 16
\BOOKMARK [1][-]{section.7}{\376\377\122\033\145\260\160\271\116\016\170\024\172\166\123\357\210\114\140\047}{}% 17
\BOOKMARK [2][-]{subsection.7.1}{\376\377\122\033\145\260\160\271}{section.7}% 18
\BOOKMARK [2][-]{subsection.7.2}{\376\377\170\024\172\166\123\357\210\114\140\047}{section.7}% 19
\BOOKMARK [1][-]{section.8}{\376\377\170\024\172\166\217\333\136\246\133\211\143\222\116\016\230\204\147\037\142\020\147\234}{}% 20
\BOOKMARK [2][-]{subsection.8.1}{\376\377\170\024\172\166\217\333\136\246\133\211\143\222}{section.8}% 21
\BOOKMARK [2][-]{subsection.8.2}{\376\377\230\204\147\037\142\020\147\234}{section.8}% 22
\BOOKMARK [1][-]{section.9}{\376\377\123\302\200\003\145\207\163\056}{}% 23
